<?xml version="1.0" encoding="UTF-8"?>
<testng-results ignored="0" total="0" passed="0" failed="0" skipped="0">
  <reporter-output>
  </reporter-output>
  <suite started-at="2022-07-24T20:29:37 IST" name="IDP Test Suite" finished-at="2022-07-24T20:29:44 IST" duration-ms="7016">
    <groups>
    </groups>
    <test started-at="2022-07-24T20:29:37 IST" name="HomePage" finished-at="2022-07-24T20:29:44 IST" duration-ms="7016">
      <class name="com.zotero.testCases.VerifySearchResult">
        <test-method is-config="true" signature="setup()[pri:0, instance:com.zotero.testCases.VerifySearchResult@6e0f5f7f]" started-at="2022-07-24T20:29:37 IST" name="setup" finished-at="2022-07-24T20:29:43 IST" duration-ms="5546" status="PASS">
          <reporter-output>
          </reporter-output>
        </test-method> <!-- setup -->
        <test-method is-config="true" signature="quitDriver()[pri:0, instance:com.zotero.testCases.VerifySearchResult@6e0f5f7f]" started-at="2022-07-24T20:29:43 IST" name="quitDriver" finished-at="2022-07-24T20:29:44 IST" duration-ms="1095" status="PASS">
          <reporter-output>
          </reporter-output>
        </test-method> <!-- quitDriver -->
      </class> <!-- com.zotero.testCases.VerifySearchResult -->
    </test> <!-- HomePage -->
  </suite> <!-- IDP Test Suite -->
</testng-results>
